<?xml version="1.0" encoding="UTF-8"?>
<!-- Generated by org.testng.reporters.JUnitXMLReporter -->
<testsuite ignored="0" hostname="DESKTOP-GM3P38V" failures="0" tests="3" name="Default test" time="19.503" errors="0" timestamp="2024-04-19T22:43:07 IDT">
  <testcase classname="pageObjectModel.Chrome" name="CheckTitleInChrome" time="0.015"/>
  <testcase classname="pageObjectModel.Chrome" name="InvalidLogIn" time="9.17"/>
  <testcase classname="pageObjectModel.Chrome" name="ValidLogIn" time="0.182"/>
</testsuite> <!-- Default test -->
