<?xml version="1.0" encoding="UTF-8"?>
<testng-results ignored="0" total="3" passed="3" failed="0" skipped="0">
  <reporter-output>
  </reporter-output>
  <suite started-at="2024-04-19T22:42:47 IDT" name="Default suite" finished-at="2024-04-19T22:43:07 IDT" duration-ms="19503">
    <groups>
    </groups>
    <test started-at="2024-04-19T22:42:47 IDT" name="Default test" finished-at="2024-04-19T22:43:07 IDT" duration-ms="19503">
      <class name="pageObjectModel.Chrome">
        <test-method is-config="true" signature="setup()[pri:0, instance:pageObjectModel.Chrome@59474f18]" started-at="2024-04-19T22:42:47 IDT" name="setup" finished-at="2024-04-19T22:42:51 IDT" duration-ms="3970" status="PASS">
          <reporter-output>
          </reporter-output>
        </test-method> <!-- setup -->
        <test-method signature="CheckTitleInChrome()[pri:0, instance:pageObjectModel.Chrome@59474f18]" started-at="2024-04-19T22:42:51 IDT" name="CheckTitleInChrome" finished-at="2024-04-19T22:42:51 IDT" duration-ms="15" status="PASS">
          <reporter-output>
          </reporter-output>
        </test-method> <!-- CheckTitleInChrome -->
        <test-method is-config="true" signature="TearDown()[pri:0, instance:pageObjectModel.Chrome@59474f18]" started-at="2024-04-19T22:42:51 IDT" name="TearDown" finished-at="2024-04-19T22:42:51 IDT" duration-ms="168" status="PASS">
          <reporter-output>
          </reporter-output>
        </test-method> <!-- TearDown -->
        <test-method is-config="true" signature="setup()[pri:0, instance:pageObjectModel.Chrome@59474f18]" started-at="2024-04-19T22:42:51 IDT" name="setup" finished-at="2024-04-19T22:42:54 IDT" duration-ms="2452" status="PASS">
          <reporter-output>
          </reporter-output>
        </test-method> <!-- setup -->
        <test-method signature="InvalidLogIn()[pri:0, instance:pageObjectModel.Chrome@59474f18]" started-at="2024-04-19T22:42:54 IDT" name="InvalidLogIn" finished-at="2024-04-19T22:43:03 IDT" duration-ms="9170" status="PASS">
          <reporter-output>
          </reporter-output>
        </test-method> <!-- InvalidLogIn -->
        <test-method is-config="true" signature="TearDown()[pri:0, instance:pageObjectModel.Chrome@59474f18]" started-at="2024-04-19T22:43:03 IDT" name="TearDown" finished-at="2024-04-19T22:43:03 IDT" duration-ms="152" status="PASS">
          <reporter-output>
          </reporter-output>
        </test-method> <!-- TearDown -->
        <test-method is-config="true" signature="setup()[pri:0, instance:pageObjectModel.Chrome@59474f18]" started-at="2024-04-19T22:43:03 IDT" name="setup" finished-at="2024-04-19T22:43:06 IDT" duration-ms="3222" status="PASS">
          <reporter-output>
          </reporter-output>
        </test-method> <!-- setup -->
        <test-method signature="ValidLogIn()[pri:0, instance:pageObjectModel.Chrome@59474f18]" started-at="2024-04-19T22:43:06 IDT" name="ValidLogIn" finished-at="2024-04-19T22:43:07 IDT" duration-ms="182" status="PASS">
          <reporter-output>
          </reporter-output>
        </test-method> <!-- ValidLogIn -->
        <test-method is-config="true" signature="TearDown()[pri:0, instance:pageObjectModel.Chrome@59474f18]" started-at="2024-04-19T22:43:07 IDT" name="TearDown" finished-at="2024-04-19T22:43:07 IDT" duration-ms="114" status="PASS">
          <reporter-output>
          </reporter-output>
        </test-method> <!-- TearDown -->
      </class> <!-- pageObjectModel.Chrome -->
    </test> <!-- Default test -->
  </suite> <!-- Default suite -->
</testng-results>
